     1                                 %line 1+1 mul.asm
     2                                 [segment .data]
     3 00000000 00                      value1: db "", 0
     4 00000001 00                      value2: db "", 0
     5 00000002 0000000000000000        product: dq "", 0
     6 0000000A 0A                      newLine: db 0x0a
     7                                 
     8                                 [segment .text]
     9                                 [global _start]
    10                                 
    11                                 _start:
    12                                 
    13 00000000 48C7C000000000          mov rax, 0
    14 00000007 48C7C700000000          mov rdi, 0
    15 0000000E 48C7C202000000          mov rdx, 2
    16 00000015 48C7C6[00000000]        mov rsi, value1
    17 0000001C 0F05                    syscall
    18                                 
    19                                 
    20 0000001E 48C7C000000000          mov rax, 0
    21 00000025 48C7C700000000          mov rdi, 0
    22 0000002C 48C7C202000000          mov rdx, 2
    23 00000033 48C7C6[00000000]        mov rsi, value2
    24 0000003A 0F05                    syscall
    25                                 
    26 0000003C 488B0425[00000000]      mov rax, [value2]
    27 00000044 4883E830                sub rax, "0"
    28 00000048 48890425[00000000]      mov [value2], rax
    29 00000050 488B1C25[00000000]      mov rbx, [value1]
    30 00000058 4883EB30                sub rbx, "0"
    31                                 
    32                                 
    33 0000005C 48F7E3                  mul rbx
    34                                 
    35                                 
    36 0000005F 4883C003                add rax, 3
    37                                 
    38                                 
    39 00000063 4883C030                add rax, "0"
    40 00000067 48890425[00000000]      mov [product], rax
    41                                 
    42                                 
    43                                 
    44 0000006F 48C7C001000000          mov rax, 1
    45 00000076 48C7C701000000          mov rdi, 1
    46 0000007D 48C7C201000000          mov rdx, 1
    47 00000084 48C7C6[00000000]        mov rsi, product
    48 0000008B 0F05                    syscall
    49                                 
    50                                 
    51 0000008D 48C7C202000000          mov rdx, 2
    52 00000094 48C7C6[00000000]        mov rsi, newLine
    53 0000009B 0F05                    syscall
    54                                 
    55                                 
    56                                 
    57 0000009D 48C7C03C000000          mov rax, 60
    58 000000A4 4831FF                  xor rdi, rdi
    59 000000A7 0F05                    syscall
