     1                                 %line 1+1 sub.asm
     2                                 [segment .data]
     3 00000000 00                      value1: db "", 0
     4 00000001 00                      value2: db "", 0
     5 00000002 00                      diff: db "", 0
     6                                 
     7                                 
     8 00000003 5C6E0A                  newLine: db "\n", 0x0a
     9                                 
    10                                 [segment .text]
    11                                 [global _start]
    12                                 
    13                                 _start:
    14                                 
    15 00000000 48C7C000000000          mov rax, 0
    16 00000007 48C7C700000000          mov rdi, 0
    17 0000000E 48C7C202000000          mov rdx, 2
    18 00000015 48C7C6[00000000]        mov rsi, value1
    19 0000001C 0F05                    syscall
    20                                 
    21                                 
    22 0000001E 48C7C000000000          mov rax, 0
    23 00000025 48C7C700000000          mov rdi, 0
    24 0000002C 48C7C202000000          mov rdx, 2
    25 00000033 48C7C6[00000000]        mov rsi, value2
    26 0000003A 0F05                    syscall
    27                                 
    28                                 
    29 0000003C 488B0425[00000000]      mov rax, [value1]
    30 00000044 4883E830                sub rax, "0"
    31                                 
    32                                 
    33 00000048 488B1C25[00000000]      mov rbx, [value2]
    34 00000050 4883EB30                sub rbx, "0"
    35                                 
    36                                 
    37 00000054 4829C3                  sub rbx, rax
    38                                 
    39                                 
    40 00000057 4883C330                add rbx, "0"
    41 0000005B 48891C25[00000000]      mov [diff], rbx
    42                                 
    43                                 
    44 00000063 48C7C001000000          mov rax, 1
    45 0000006A 48C7C701000000          mov rdi, 1
    46 00000071 48C7C201000000          mov rdx, 1
    47 00000078 48C7C6[00000000]        mov rsi, diff
    48 0000007F 0F05                    syscall
    49                                 
    50                                 
    51 00000081 48C7C03C000000          mov rax, 60
    52 00000088 4831FF                  xor rdi, rdi
    53 0000008B 0F05                    syscall
