     1                                 %line 1+1 Task2.asm
     2                                 [segment .data]
     3 00000000 00                      val1: db "", 0
     4 00000001 00                      val2: db "", 0
     5                                 
     6 00000002 5C6E0A                  newLine: db "\n", 0x0a
     7                                 [segment .text]
     8                                 [global _start]
     9                                 
    10                                 _start:
    11                                 
    12 00000000 48C7C000000000          mov rax, 0
    13 00000007 48C7C700000000          mov rdi, 0
    14 0000000E 48C7C202000000          mov rdx, 2
    15 00000015 48C7C6[00000000]        mov rsi, val1
    16 0000001C 0F05                    syscall
    17                                 
    18                                 
    19 0000001E 48C7C000000000          mov rax, 0
    20 00000025 48C7C700000000          mov rdi, 0
    21 0000002C 48C7C202000000          mov rdx, 2
    22 00000033 48C7C6[00000000]        mov rsi, val2
    23 0000003A 0F05                    syscall
    24                                 
    25                                 
    26 0000003C B801000000              mov eax, 1
    27 00000041 BF01000000              mov edi, 1
    28 00000046 BA01000000              mov edx, 1
    29 0000004B 48C7C6[00000000]        mov rsi, val2
    30 00000052 0F05                    syscall
    31                                 
    32                                 
    33 00000054 B801000000              mov eax, 1
    34 00000059 BF01000000              mov edi, 1
    35 0000005E BA01000000              mov edx, 1
    36 00000063 488D3425[00000000]      lea rsi,[newLine]
    37 0000006B 0F05                    syscall
    38                                 
    39                                 
    40 0000006D B801000000              mov eax, 1
    41 00000072 BF01000000              mov edi, 1
    42 00000077 BA01000000              mov edx, 1
    43 0000007C 48C7C6[00000000]        mov rsi, val1
    44 00000083 0F05                    syscall
    45                                 
    46                                 
    47 00000085 B83C000000              mov eax, 60
    48 0000008A 31FF                    xor edi, edi
    49 0000008C 0F05                    syscall
