     1                                 %line 1+1 add.asm
     2                                 [segment .data]
     3 00000000 00                      value1: db "", 0
     4 00000001 00                      value2: db "", 0
     5 00000002 00                      sum: db "", 0
     6                                 
     7                                 [segment .bss]
     8                                 
     9 00000000 0A                      newLine: db 0x0a
    10                                 
    11                                 [segment .text]
    12                                 [global _start]
    13                                 
    14                                 _start:
    15                                 
    16 00000000 48C7C000000000          mov rax, 0
    17 00000007 48C7C700000000          mov rdi, 0
    18 0000000E 48C7C202000000          mov rdx, 2
    19 00000015 48C7C6[00000000]        mov rsi, value1
    20 0000001C 0F05                    syscall
    21                                 
    22                                 
    23 0000001E 48C7C000000000          mov rax, 0
    24 00000025 48C7C700000000          mov rdi, 0
    25 0000002C 48C7C202000000          mov rdx, 2
    26 00000033 48C7C6[00000000]        mov rsi, value2
    27 0000003A 0F05                    syscall
    28                                 
    29                                 
    30 0000003C 488B0425[00000000]      mov rax, [value1]
    31 00000044 4883E830                sub rax, "0"
    32                                 
    33                                 
    34 00000048 488B1C25[00000000]      mov rbx, [value2]
    35 00000050 4883EB30                sub rbx, "0"
    36                                 
    37                                 
    38 00000054 4801D8                  add rax, rbx
    39                                 
    40                                 
    41 00000057 4883C004                add rax, 4
    42                                 
    43                                 
    44 0000005B 4883C030                add rax, "0"
    45 0000005F 48890425[00000000]      mov [sum], rax
    46                                 
    47                                 
    48 00000067 48C7C001000000          mov rax, 1
    49 0000006E 48C7C701000000          mov rdi, 1
    50 00000075 48C7C201000000          mov rdx, 1
    51 0000007C 48C7C6[00000000]        mov rsi, sum
    52 00000083 0F05                    syscall
    53                                 
    54                                 
    55 00000085 48C7C202000000          mov rdx, 2
    56 0000008C 488D3425[00000000]      lea rsi, [newLine]
    57 00000094 0F05                    syscall
    58                                 
    59                                 
    60                                 
    61 00000096 48C7C03C000000          mov rax, 60
    62 0000009D 4831FF                  xor rdi, rdi
    63 000000A0 0F05                    syscall
