     1                                 %line 1+1 hex.asm
     2                                 [segment .data]
     3 00000000 0000000000000000        input: dq 0
     4 00000008 0000000000000000        firstCharacter: dq 0
     5 00000010 0000000000000000        secondCharacter: dq 0
     6 00000018 0000                    decimal: dw 0
     7 0000001A 0000                    quotient: dw "", 0
     8                                 
     9 0000001C 5C6E0A00                newLine: dw "\n", 0x0a
    10                                 
    11                                 [segment .text]
    12                                 [global _start]
    13                                 
    14                                 _start:
    15                                 
    16 00000000 48C7C000000000          mov rax, 0
    17 00000007 48C7C700000000          mov rdi, 0
    18 0000000E 48C7C202000000          mov rdx, 2
    19 00000015 48C7C6[00000000]        mov rsi, input
    20 0000001C 0F05                    syscall
    21                                 
    22 0000001E 480FB60425[00000000]      movzx rax, byte [input]
    23 00000027 4883F861                cmp rax, 'a'
    24 0000002B 7C0A                    jl isFirstDigit
    25 0000002D 7DFE                    jge isFirstCharacter
    26                                 
    27                                 isFirstCharacter:
    28 0000002F 4883E861                sub rax, 'a'
    29 00000033 4883C00A                add rax, 10
    30 00000037 EB08                    jmp addFirst
    31                                 
    32                                 isFirstDigit:
    33 00000039 4883E830                sub rax, '0'
    34 0000003D 4883C000                add rax, 0
    35 00000041 EBFE                    jmp addFirst
    36                                 
    37                                 addFirst:
    38 00000043 48C7C310000000          mov rbx, 16
    39 0000004A 48F7EB                  imul rbx
    40                                 
    41 0000004D 48010425[00000000]      add [secondCharacter], rax
    42                                 
    43 00000055 480FB60425[01000000]      movzx rax, byte [input + 1]
    44 0000005E 4883F861                cmp rax, 'a'
    45 00000062 7C0A                    jl isSecondDigit
    46 00000064 7DFE                    jge isSecondCharacter
    47                                 
    48                                 isSecondCharacter:
    49 00000066 4883E861                sub rax, 'a'
    50 0000006A 4883C00A                add rax, 10
    51 0000006E EB08                    jmp addSecond
    52                                 
    53                                 isSecondDigit:
    54 00000070 4883E830                sub rax, '0'
    55 00000074 4883C000                add rax, 0
    56 00000078 EBFE                    jmp addSecond
    57                                 
    58                                 addSecond:
    59 0000007A 48010425[00000000]      add [firstCharacter], rax
    60                                 
    61 00000082 488B1C25[00000000]      mov rbx, [secondCharacter]
    62 0000008A 4801D8                  add rax, rbx
    63 0000008D 48890425[00000000]      mov [decimal], rax
    64                                 
    65                                 
    66 00000095 48C7C001000000          mov rax, 1
    67 0000009C 48C7C701000000          mov rdi, 1
    68 000000A3 48C7C201000000          mov rdx, 1
    69 000000AA 48C7C6[00000000]        mov rsi, decimal
    70 000000B1 0F05                    syscall
    71                                 
    72                                 
    73 000000B3 49C7C00A000000          mov r8, 0x0a
    74 000000BA 4C890425[00000000]      mov [newLine], r8
    75 000000C2 48C7C001000000          mov rax, 1
    76 000000C9 48C7C701000000          mov rdi, 1
    77 000000D0 48C7C201000000          mov rdx, 1
    78 000000D7 48C7C6[00000000]        mov rsi, newLine
    79 000000DE 0F05                    syscall
    80                                 
    81                                 
    82 000000E0 488B0425[00000000]      mov rax, [decimal]
    83 000000E8 F6D0                    not al
    84                                 
    85                                 
    86                                 
    87 000000EA B302                    mov bl, 2
    88                                 
    89                                 
    90 000000EC F6FB                    idiv bl
    91 000000EE 880425[00000000]        mov [quotient], al
    92                                 
    93                                 
    94 000000F5 48C7C001000000          mov rax, 1
    95 000000FC 48C7C701000000          mov rdi, 1
    96 00000103 48C7C201000000          mov rdx, 1
    97 0000010A 48C7C6[00000000]        mov rsi, quotient
    98 00000111 0F05                    syscall
    99                                 
   100                                 
   101 00000113 49C7C00A000000          mov r8, 0x0a
   102 0000011A 4C890425[00000000]      mov [newLine], r8
   103 00000122 48C7C001000000          mov rax, 1
   104 00000129 48C7C701000000          mov rdi, 1
   105 00000130 48C7C201000000          mov rdx, 1
   106 00000137 48C7C6[00000000]        mov rsi, newLine
   107 0000013E 0F05                    syscall
   108                                 
   109                                 exit:
   110                                 
   111 00000140 48C7C03C000000          mov rax, 60
   112 00000147 4831FF                  xor rdi, rdi
   113 0000014A 0F05                    syscall
